<?xml version="1.0" encoding="UTF-8"?>
<!-- Generated by org.testng.reporters.JUnitReportReporter -->
<testsuite hostname="DESKTOP-AI3DK3O" failures="0" tests="2" name="testcases.Cases" time="6.167" errors="0" timestamp="2022-11-25T12:03:07 IST" skipped="0">
  <testcase classname="testcases.Cases" name="AHome_Pages" time="5.124"/>
  <system-out/>
  <testcase classname="testcases.Cases" name="BHappyClients" time="1.043"/>
  <system-out/>
</testsuite> <!-- testcases.Cases -->
